<?xml version="1.0" encoding="UTF-8"?>
<testng-results ignored="0" total="1" passed="1" failed="0" skipped="0">
  <reporter-output>
  </reporter-output>
  <suite started-at="2024-04-28T02:10:57 SGT" name="Suite" finished-at="2024-04-28T02:11:10 SGT" duration-ms="13071">
    <groups>
    </groups>
    <test started-at="2024-04-28T02:10:57 SGT" name="Test" finished-at="2024-04-28T02:11:10 SGT" duration-ms="13071">
      <class name="frameworkTest.frameworkTest.Tests.SubmitTest">
        <test-method is-config="true" signature="launchApplication()[pri:0, instance:frameworkTest.frameworkTest.Tests.SubmitTest@1ed6388a]" started-at="2024-04-28T02:10:57 SGT" name="launchApplication" finished-at="2024-04-28T02:11:03 SGT" duration-ms="6100" status="PASS">
          <reporter-output>
          </reporter-output>
        </test-method> <!-- launchApplication -->
        <test-method signature="submitOrder()[pri:0, instance:frameworkTest.frameworkTest.Tests.SubmitTest@1ed6388a]" started-at="2024-04-28T02:11:03 SGT" name="submitOrder" finished-at="2024-04-28T02:11:10 SGT" duration-ms="6955" status="PASS">
          <reporter-output>
          </reporter-output>
        </test-method> <!-- submitOrder -->
      </class> <!-- frameworkTest.frameworkTest.Tests.SubmitTest -->
    </test> <!-- Test -->
  </suite> <!-- Suite -->
</testng-results>
